# AAAI-‐21 Accepted Papers — Main Technical Track 
Main Track 
Auto-‐Encoders 
Using Dual-‐Lens Systems 
Label Noise 
Watermark Removal 
Restoration 
Networks from Scratch 
Multivariate Time Series 
Nominals and Role Inclusions 
Irrelevant Objects Helps Grounding 
Ordinary Differential Equation Recurrent Neural Network 
Video QA 
Text-‐to-‐Speech Synthesis 
Temporal Action Proposal Generation 
Semantic Parsing 
Trajectories for User Next Location Prediction 
Detection by Grading the Box Candidates 
Coherence 
Networks 
Approaches? 
Understanding 
Prediction 
Augmentation Based Deep Learning Approach 
of ECG from PPG 
Uncertainty 
Attention and Self-‐Training 
Supervised Learning 
Multimodal Sentiment Analysis 
Forecasting 
Estimation 
Transfer 
Correlation 
Cost of Cascade Inference Systems 
with Behavior Trees 
Feedback 
Disentanglement 
Shot Learning 
Environments 
Features and Graph Neural Networks 
Painting Agent 
Passing 
Optimality 
Algorithm 
Dual Question Answering 
Object Point Cloud 
Networks 
Keys and Triggers 
Data on Repeated Interactions 
Hashing 
Networks 
Management 
Weak Admissibility 
Human Parsing 
Localization 
Characterization for Computational Imaging 
Littman 
Action and Context 
Learning 
Sentiment Analysis and Sequential Metaphor Identification 
Recommendation 
Units 
Perspective 
Visible-‐Infrared Cross Modality Person Re-‐Identification 
Language Generation 
with Perturbation 
Dataset 
Expression Recognition 
Incremental Learning 
Based Text Attacks 
Reasoning 
Models 
Step Person Search 
Autonomous Driving 
Second-‐Order Traffic Models 
Traffic Accident Risk Forecasting 
Segmentation 
Semantic Augmentation 
Motion 
Images 
Contents 
Comparative Questions Is Difficult 
Machines 
Stochastic Pairwise Constraints 
Augmented Genotype-‐Phenotype Representations 
Forecasting 
Decomposable Boolean Circuits 
Setting 
Spanias 
Identification 
Disturbances 
Queries 
Scaling 
and Approximation Algorithm via Min-‐Cost Flow Optimization 
Network Modeling 
Pruning Neural Networks 
Immunohistochemical Scoring 
Graph Embedding 
Scale Android Malware Detection in the COVID-‐19 Era and Beyond 
Multi-‐Label Text Classification 
Styles 
Recognition 
Adversarial Style Combination for Speech Synthesis 
Generating 
Comparative Gradients and Hostile Activations 
Systems 
Aware information Alignment 
Applications 
Relation Extraction 
Alignment 
Structural information 
Extreme Weather Forecasting 
Encoder 
Networks 
Network for Salient Object Detection 
Problem 
Conferences 
Images 
Completion 
Segmentation from Colonoscopy Videos 
Contrastive Learning 
Detection with Chest CT Scans 
Structure Generation and Assignment 
Storytelling 
Chinese Text Classification 
Domain Adaptation 
Completion 
Neural Networks 
Adversarial Learning 
Literal Babbling 
Recognition 
Attention Networks 
Transformers 
Networks 
Estimation on Missing-‐Not-‐at-‐Random Data 
Retrieval-‐Based Dialogues 
Function 
Pascale Fung 
Observability 
Schärli 
Laws 
Segmentation 
Models 
Cutting Planes Reasoning 
Order Optimization 
Unsupervised Cross-‐Domain Translation 
Training 
Popien 
Learning Algorithms with Applications in Healthcare 
Robustness under Non-‐Uniform Attacks 
Kokkinos 
Adversarial Training Perspective 
Networks 
Graphs 
Solution 
Views 
Cameras 
Matching 
Moon 
Multiwinner Elections 
Feedback 
Optimization 
Benchmark 
to an Adaptive Law 
Information 
Network 
Learning 
Alvaro Torralba 
Schuecker 
Capturing 
to Regularization 
Administrative Claims 
for Multi-‐Turn Response Selection 
Systems 
Conditional Random Field 
Networks 
Robustness 
Generation Networks 
Management with Market Conditions Embedding 
Recommendation 
Singh 
Dialogue 
Guarantee 
with Interpretability 
Inequalities 
Trees 
Less Uncertainty 
Outbreak 
Upsampling 
Prediction 
Problems with Uncertainty 
Construction 
Base Annotation 
Miao 
Design 
Block-‐Wise Feature Aggregation 
Silver 
Orderings 
at Scale 
Marin Soljacic 
Bayesian Networks 
Counterfactuals 
Baselines 
Complex Pipeline 
Kreiman 
Optimization 
Approach 
McBurney 
Atia 
Search 
Logics 
Stefanos Nikolaidis 
Pavel Surynek 
and Neurological Disorders 
Drug Discovery 
Constrained MDPs 
Sukthankar 
Pooling 
Learning 
Kroening 
Tasks 
Perturbation for Unsupervised Domain Adaptation in Segmentation 
Douglas Robinson 
with General Bounding Functions 
Probe Neural Coherence 
Chen 
Detection 
Evaluation 
Jindong Gu 
Multi-‐Modal Data 
Hypergraphs 
Yang 
Level Relation Extraction 
Domain Images and Weak Labels 
Michael Bowling 
Perturbation 
Non-‐Fixed Number of Summary Sentences 
Fourier Perspective 
Maximization 
Science 
Phenotyping 
Learning 
Manageable 
Recommendation 
and Mirror Descent 
Factorization 
Guarantees 
Linear Approximation 
Attention in BERT 
Learning 
Spaces 
Property Theft 
Søgaard 
Learning 
Minkai Xu 
Adversarial Networks 
Problems 
Meanings? 
Datasets 
Inference 
Wang 
Networks 
Coefficients 
Optimization 
Markovian Sampling 
Textual Requests 
Model 
Conversation Generation 
Descent 
Alan Kuhnle 
Disambiguation 
Long Text Classification 
Form Games 
and Optimal Transport 
Fahiem Bacchus 
Learning 
Regularization 
Ermon 
Sentiment Classification 
Normalization 
Utterances 
Semantic Applications 
Queries 
Variational Autoencoder for Automatic Storytelling 
Jianfeng Gao 
Heterogeneous Neural Architectures 
Games 
Models with Hidden Variables 
Dileep George 
Calibration 
Activation Vectors 
Extraction 
Joshua Patterson 
Static and Contextual Word Embeddings and the Implications to Representation Learning 
Learning with Iterative Reasoning and Cumulative Prospect Theory 
Text Transformation 
Gabriele Farina 
Question Answering 
Networks 
Functions 
ichi Kawarabayashi 
Simulating Cocktail Party Effect 
Text Translation 
Yisong Yue 
Special Track on AI for Social Impact 
Supervised Attention 
Urban Mobility 
Sensing 
Gomes 
Machine Learning Approach 
Zhengcong Fei 
Based Variational Autoencoders 
Homelessness 
Assistant for Illiterate Users 
Interest 
Detection 
He 
Laszka 
Satellite Data 
Mukherjee 
